Determining if the pthread_create exist failed with the following output:
Change Dir: /home/jetson/catkin_ws/build/CMakeFiles/CMakeTmp

Run Build Command:"/usr/bin/make" "cmTC_86e7d/fast"
/usr/bin/make -f CMakeFiles/cmTC_86e7d.dir/build.make CMakeFiles/cmTC_86e7d.dir/build
make[1]: Entering directory '/home/jetson/catkin_ws/build/CMakeFiles/CMakeTmp'
Building C object CMakeFiles/cmTC_86e7d.dir/CheckSymbolExists.c.o
/usr/bin/cc    -o CMakeFiles/cmTC_86e7d.dir/CheckSymbolExists.c.o   -c /home/jetson/catkin_ws/build/CMakeFiles/CMakeTmp/CheckSymbolExists.c
Linking C executable cmTC_86e7d
/usr/bin/cmake -E cmake_link_script CMakeFiles/cmTC_86e7d.dir/link.txt --verbose=1
/usr/bin/cc      -rdynamic CMakeFiles/cmTC_86e7d.dir/CheckSymbolExists.c.o  -o cmTC_86e7d 
CMakeFiles/cmTC_86e7d.dir/CheckSymbolExists.c.o: In function `main':
CheckSymbolExists.c:(.text+0x14): undefined reference to `pthread_create'
CheckSymbolExists.c:(.text+0x18): undefined reference to `pthread_create'
collect2: error: ld returned 1 exit status
CMakeFiles/cmTC_86e7d.dir/build.make:97: recipe for target 'cmTC_86e7d' failed
make[1]: *** [cmTC_86e7d] Error 1
make[1]: Leaving directory '/home/jetson/catkin_ws/build/CMakeFiles/CMakeTmp'
Makefile:126: recipe for target 'cmTC_86e7d/fast' failed
make: *** [cmTC_86e7d/fast] Error 2

File /home/jetson/catkin_ws/build/CMakeFiles/CMakeTmp/CheckSymbolExists.c:
/* */
#include <pthread.h>

int main(int argc, char** argv)
{
  (void)argv;
#ifndef pthread_create
  return ((int*)(&pthread_create))[argc];
#else
  (void)argc;
  return 0;
#endif
}

Determining if the function pthread_create exists in the pthreads failed with the following output:
Change Dir: /home/jetson/catkin_ws/build/CMakeFiles/CMakeTmp

Run Build Command:"/usr/bin/make" "cmTC_f4d9a/fast"
/usr/bin/make -f CMakeFiles/cmTC_f4d9a.dir/build.make CMakeFiles/cmTC_f4d9a.dir/build
make[1]: Entering directory '/home/jetson/catkin_ws/build/CMakeFiles/CMakeTmp'
Building C object CMakeFiles/cmTC_f4d9a.dir/CheckFunctionExists.c.o
/usr/bin/cc   -DCHECK_FUNCTION_EXISTS=pthread_create   -o CMakeFiles/cmTC_f4d9a.dir/CheckFunctionExists.c.o   -c /usr/share/cmake-3.10/Modules/CheckFunctionExists.c
Linking C executable cmTC_f4d9a
/usr/bin/cmake -E cmake_link_script CMakeFiles/cmTC_f4d9a.dir/link.txt --verbose=1
/usr/bin/cc  -DCHECK_FUNCTION_EXISTS=pthread_create    -rdynamic CMakeFiles/cmTC_f4d9a.dir/CheckFunctionExists.c.o  -o cmTC_f4d9a -lpthreads 
/usr/bin/ld: cannot find -lpthreads
collect2: error: ld returned 1 exit status
CMakeFiles/cmTC_f4d9a.dir/build.make:97: recipe for target 'cmTC_f4d9a' failed
make[1]: *** [cmTC_f4d9a] Error 1
make[1]: Leaving directory '/home/jetson/catkin_ws/build/CMakeFiles/CMakeTmp'
Makefile:126: recipe for target 'cmTC_f4d9a/fast' failed
make: *** [cmTC_f4d9a/fast] Error 2


